[2023-09-05 10:02:50,765][conftest.py 7][INFO]: 开始执行用例
[2023-09-05 10:02:50,840][conftest.py 9][INFO]: 用例执行完毕
[2023-09-05 10:05:39,802][conftest.py 7][INFO]: 开始执行用例
[2023-09-05 10:05:39,952][conftest.py 9][INFO]: 用例执行完毕
[2023-09-05 10:05:43,593][conftest.py 7][INFO]: 开始执行用例
[2023-09-05 10:05:43,669][conftest.py 9][INFO]: 用例执行完毕
[2023-09-05 10:08:29,682][conftest.py 7][INFO]: 开始执行用例
[2023-09-05 10:08:29,810][conftest.py 9][INFO]: 用例执行完毕
[2023-09-05 10:12:42,941][conftest.py 7][INFO]: 开始执行用例
[2023-09-05 10:12:42,945][rest_client.py 45][INFO]: 请求的地址>>>https://520dl.com/dl/login
[2023-09-05 10:12:42,945][rest_client.py 46][INFO]: 请求的方法>>>POST
[2023-09-05 10:12:43,017][conftest.py 9][INFO]: 用例执行完毕
[2023-09-05 10:15:52,480][conftest.py 7][INFO]: 开始执行用例
[2023-09-05 10:15:52,483][rest_client.py 45][INFO]: 请求的地址>>>https://520dl.com/dl/login
[2023-09-05 10:15:52,483][rest_client.py 46][INFO]: 请求的方法>>>POST
[2023-09-05 10:15:52,559][conftest.py 9][INFO]: 用例执行完毕
[2023-09-05 10:16:59,717][conftest.py 7][INFO]: 开始执行用例
[2023-09-05 10:16:59,720][rest_client.py 45][INFO]: 请求的地址>>>https://520dl.com/dl/login
[2023-09-05 10:16:59,720][rest_client.py 46][INFO]: 请求的方法>>>POST
[2023-09-05 10:16:59,843][conftest.py 9][INFO]: 用例执行完毕
[2023-09-05 10:22:02,600][conftest.py 7][INFO]: 开始执行用例
[2023-09-05 10:22:02,604][rest_client.py 45][INFO]: 请求的地址>>>https://520dl.com/dl/login
[2023-09-05 10:22:02,605][rest_client.py 46][INFO]: 请求的方法>>>POST
[2023-09-05 10:22:02,605][rest_client.py 50][INFO]: 接口请求的json参数>>>
{
  "type": "SYS_USER",
  "username": "test",
  "password": 123456
}
[2023-09-05 10:22:02,605][rest_client.py 54][INFO]: 接口请求的params参数>>>
{
  "User-Agent": "Apifox/1.0.0 (https://apifox.com)",
  "Content-Type": "application/json",
  "Accept": "*/*",
  "Host": "api.520dl.com",
  "Connection": "keep-alive"
}
[2023-09-05 10:22:03,122][conftest.py 9][INFO]: 用例执行完毕
[2023-09-05 10:24:04,580][conftest.py 7][INFO]: 开始执行用例
[2023-09-05 10:24:04,584][rest_client.py 45][INFO]: 请求的地址>>>https://520dl.com/dl/login
[2023-09-05 10:24:04,584][rest_client.py 46][INFO]: 请求的方法>>>POST
[2023-09-05 10:24:04,584][rest_client.py 50][INFO]: 接口请求的json参数>>>
{
  "type": "SYS_USER",
  "username": "test",
  "password": 123456
}
[2023-09-05 10:24:04,584][rest_client.py 54][INFO]: 接口请求的params参数>>>
{
  "User-Agent": "Apifox/1.0.0 (https://apifox.com)",
  "Content-Type": "application/json",
  "Accept": "*/*",
  "Host": "api.520dl.com",
  "Connection": "keep-alive"
}
[2023-09-05 10:24:04,922][conftest.py 9][INFO]: 用例执行完毕
[2023-09-05 10:25:03,413][conftest.py 7][INFO]: 开始执行用例
[2023-09-05 10:25:03,416][rest_client.py 45][INFO]: 请求的地址>>>https://520dl.com/dl/login
[2023-09-05 10:25:03,416][rest_client.py 46][INFO]: 请求的方法>>>POST
[2023-09-05 10:25:03,417][rest_client.py 50][INFO]: 接口请求的json参数>>>
{
  "type": "SYS_USER",
  "username": "test",
  "password": 123456
}
[2023-09-05 10:25:03,417][rest_client.py 54][INFO]: 接口请求的params参数>>>
{
  "User-Agent": "Apifox/1.0.0 (https://apifox.com)",
  "Content-Type": "application/json",
  "Accept": "*/*",
  "Host": "api.520dl.com",
  "Connection": "keep-alive"
}
[2023-09-05 10:25:03,756][conftest.py 9][INFO]: 用例执行完毕
[2023-09-05 10:26:09,048][conftest.py 7][INFO]: 开始执行用例
[2023-09-05 10:26:09,051][rest_client.py 45][INFO]: 请求的地址>>>https://520dl.com/dl/login
[2023-09-05 10:26:09,051][rest_client.py 46][INFO]: 请求的方法>>>POST
[2023-09-05 10:26:09,051][rest_client.py 50][INFO]: 接口请求的json参数>>>
{
  "type": "SYS_USER",
  "username": "test",
  "password": 123456
}
[2023-09-05 10:26:09,052][rest_client.py 54][INFO]: 接口请求的params参数>>>
{
  "User-Agent": "Apifox/1.0.0 (https://apifox.com)",
  "Content-Type": "application/json",
  "Accept": "*/*",
  "Host": "api.520dl.com",
  "Connection": "keep-alive"
}
[2023-09-05 10:26:09,385][conftest.py 9][INFO]: 用例执行完毕
[2023-09-05 10:27:16,934][conftest.py 7][INFO]: 开始执行用例
[2023-09-05 10:27:16,943][rest_client.py 45][INFO]: 请求的地址>>>https://520dl.com/dl/login
[2023-09-05 10:27:16,943][rest_client.py 46][INFO]: 请求的方法>>>POST
[2023-09-05 10:27:16,944][rest_client.py 50][INFO]: 接口请求的json参数>>>
{
  "type": "SYS_USER",
  "username": "test",
  "password": 123456
}
[2023-09-05 10:27:16,944][rest_client.py 54][INFO]: 接口请求的params参数>>>
{
  "User-Agent": "Apifox/1.0.0 (https://apifox.com)",
  "Content-Type": "application/json",
  "Accept": "*/*",
  "Host": "api.520dl.com",
  "Connection": "keep-alive"
}
[2023-09-05 10:27:17,212][response_util.py 15][INFO]: 接口返回的内容>>>:{"msg": "操作成功", "code": 200, "token": "eyJhbGciOiJIUzUxMiJ9.eyJsb2dpbl91c2VyX2tleSI6IjA2ZTZhNTVlLWQ5ZjAtNGE5Yy1hMTFhLTZiMjViNTBkMWQ1NyJ9.7lDF5Veiu1uZlCmZWFk_2wn0XogN5E4ADoFtYI0NMm-LC9ZvDErfnrLrtNy-qy4-vDHBmU5LDwG_J3eYwLehBw"}
[2023-09-05 10:27:17,215][conftest.py 9][INFO]: 用例执行完毕
[2023-09-05 10:27:19,899][conftest.py 7][INFO]: 开始执行用例
[2023-09-05 10:27:19,902][rest_client.py 45][INFO]: 请求的地址>>>https://520dl.com/dl/login
[2023-09-05 10:27:19,903][rest_client.py 46][INFO]: 请求的方法>>>POST
[2023-09-05 10:27:19,903][rest_client.py 50][INFO]: 接口请求的json参数>>>
{
  "type": "SYS_USER",
  "username": "test",
  "password": 123456
}
[2023-09-05 10:27:19,903][rest_client.py 54][INFO]: 接口请求的params参数>>>
{
  "User-Agent": "Apifox/1.0.0 (https://apifox.com)",
  "Content-Type": "application/json",
  "Accept": "*/*",
  "Host": "api.520dl.com",
  "Connection": "keep-alive"
}
[2023-09-05 10:27:20,169][response_util.py 15][INFO]: 接口返回的内容>>>:{"msg": "操作成功", "code": 200, "token": "eyJhbGciOiJIUzUxMiJ9.eyJsb2dpbl91c2VyX2tleSI6ImU2MDcwYzg2LTAwZTgtNDRhNy04MzEwLTBjYzllNWI1ODI5NCJ9.tLuZk4tEROKlISCXhp4MzJj9A5dC33m1zzDhn3WOZ9hpFkh_JvvaO7CBS8o3EVE1wsP6WLWVV0giC99cGFgjeg"}
[2023-09-05 10:27:20,171][conftest.py 9][INFO]: 用例执行完毕
[2023-09-05 11:41:18,712][conftest.py 7][INFO]: 开始执行用例
[2023-09-05 11:41:18,715][rest_client.py 45][INFO]: 请求的地址>>>https://520dl.com/dl/login
[2023-09-05 11:41:18,715][rest_client.py 46][INFO]: 请求的方法>>>POST
[2023-09-05 11:41:18,715][rest_client.py 50][INFO]: 接口请求的json参数>>>
{
  "type": "SYS_USER",
  "username": "test",
  "password": 123456
}
[2023-09-05 11:41:18,716][rest_client.py 54][INFO]: 接口请求的params参数>>>
{
  "User-Agent": "Apifox/1.0.0 (https://apifox.com)",
  "Content-Type": "application/json",
  "Accept": "*/*",
  "Host": "api.520dl.com",
  "Connection": "keep-alive"
}
[2023-09-05 11:41:19,982][response_util.py 15][INFO]: 接口返回的内容>>>:{"msg": "操作成功", "code": 200, "token": "eyJhbGciOiJIUzUxMiJ9.eyJsb2dpbl91c2VyX2tleSI6IjNhZjg4YmQ5LWY5MGItNGNmOS1hNzRiLTQ1MTE2OWQ3MmIyMiJ9.rW-lq0X5GGKQKWwdMIfdWxtlZAWz4GV1x-ANgXjSa7YLzT2By9BS2_DUuXaJhPgP29EAiggGvvFhbtfo_TxJeQ"}
[2023-09-05 11:41:19,988][conftest.py 9][INFO]: 用例执行完毕
